Connecting to database specified by database.yml
  [1m[36m (0.1ms)[0m  [1mselect sqlite_version(*)[0m
  [1m[35m (146.6ms)[0m  CREATE TABLE "schema_migrations" ("version" varchar(255) NOT NULL) 
  [1m[36m (148.7ms)[0m  [1mCREATE UNIQUE INDEX "unique_schema_migrations" ON "schema_migrations" ("version")[0m
  [1m[35m (0.1ms)[0m  SELECT "schema_migrations"."version" FROM "schema_migrations" 
Connecting to database specified by database.yml
Connecting to database specified by database.yml
  [1m[36m (0.1ms)[0m  [1mSELECT "schema_migrations"."version" FROM "schema_migrations" [0m
Migrating to CreatePosts (20130202074400)
  [1m[35m (0.0ms)[0m  select sqlite_version(*)
  [1m[36m (0.0ms)[0m  [1mbegin transaction[0m
  [1m[35m (0.5ms)[0m  CREATE TABLE "posts" ("id" INTEGER PRIMARY KEY AUTOINCREMENT NOT NULL, "title" varchar(255), "body" text, "created_at" datetime NOT NULL, "updated_at" datetime NOT NULL) 
  [1m[36m (0.1ms)[0m  [1mINSERT INTO "schema_migrations" ("version") VALUES ('20130202074400')[0m
  [1m[35m (177.3ms)[0m  commit transaction
  [1m[36m (0.1ms)[0m  [1mSELECT "schema_migrations"."version" FROM "schema_migrations" [0m
Connecting to database specified by database.yml
Connecting to database specified by database.yml
  [1m[36m (0.1ms)[0m  [1mSELECT "schema_migrations"."version" FROM "schema_migrations" [0m
Migrating to CreatePosts (20130202074400)
Migrating to CreateFootnotes (20130202075445)
  [1m[35m (0.0ms)[0m  select sqlite_version(*)
  [1m[36m (0.0ms)[0m  [1mbegin transaction[0m
  [1m[35m (0.4ms)[0m  CREATE TABLE "footnotes" ("id" INTEGER PRIMARY KEY AUTOINCREMENT NOT NULL, "body" text, "index" integer, "created_at" datetime NOT NULL, "updated_at" datetime NOT NULL) 
  [1m[36m (0.1ms)[0m  [1mINSERT INTO "schema_migrations" ("version") VALUES ('20130202075445')[0m
  [1m[35m (254.1ms)[0m  commit transaction
  [1m[36m (0.1ms)[0m  [1mSELECT "schema_migrations"."version" FROM "schema_migrations" [0m
Connecting to database specified by database.yml
Connecting to database specified by database.yml
  [1m[36m (0.1ms)[0m  [1mSELECT "schema_migrations"."version" FROM "schema_migrations" [0m
Migrating to CreatePosts (20130202074400)
Migrating to CreateFootnotes (20130202075445)
Migrating to AddPostIdToFootnotes (20130202080010)
  [1m[35m (0.0ms)[0m  select sqlite_version(*)
  [1m[36m (0.0ms)[0m  [1mbegin transaction[0m
  [1m[35m (0.3ms)[0m  ALTER TABLE "footnotes" ADD "post_id" integer
  [1m[36m (0.1ms)[0m  [1mINSERT INTO "schema_migrations" ("version") VALUES ('20130202080010')[0m
  [1m[35m (170.7ms)[0m  commit transaction
  [1m[36m (0.1ms)[0m  [1mSELECT "schema_migrations"."version" FROM "schema_migrations" [0m
Connecting to database specified by database.yml
  [1m[36m (0.1ms)[0m  [1mSELECT "schema_migrations"."version" FROM "schema_migrations" [0m
Migrating to CreatePosts (20130202074400)
Migrating to CreateFootnotes (20130202075445)
Migrating to AddPostIdToFootnotes (20130202080010)
  [1m[35m (0.3ms)[0m  select sqlite_version(*)
  [1m[36m (0.1ms)[0m  [1mSELECT "schema_migrations"."version" FROM "schema_migrations" [0m
Connecting to database specified by database.yml


Started GET "/posts" for 127.0.0.1 at 2013-02-02 03:06:14 -0500
Connecting to database specified by database.yml

ActionController::RoutingError (No route matches [GET] "/posts"):
  actionpack (3.2.9) lib/action_dispatch/middleware/debug_exceptions.rb:21:in `call'
  actionpack (3.2.9) lib/action_dispatch/middleware/show_exceptions.rb:56:in `call'
  railties (3.2.9) lib/rails/rack/logger.rb:32:in `call_app'
  railties (3.2.9) lib/rails/rack/logger.rb:16:in `block in call'
  activesupport (3.2.9) lib/active_support/tagged_logging.rb:22:in `tagged'
  railties (3.2.9) lib/rails/rack/logger.rb:16:in `call'
  actionpack (3.2.9) lib/action_dispatch/middleware/request_id.rb:22:in `call'
  /usr/lib/ruby/vendor_ruby/rack/methodoverride.rb:21:in `call'
  /usr/lib/ruby/vendor_ruby/rack/runtime.rb:17:in `call'
  activesupport (3.2.9) lib/active_support/cache/strategy/local_cache.rb:72:in `call'
  /usr/lib/ruby/vendor_ruby/rack/lock.rb:15:in `call'
  actionpack (3.2.9) lib/action_dispatch/middleware/static.rb:62:in `call'
  railties (3.2.9) lib/rails/engine.rb:479:in `call'
  railties (3.2.9) lib/rails/application.rb:223:in `call'
  /usr/lib/ruby/vendor_ruby/rack/content_length.rb:14:in `call'
  railties (3.2.9) lib/rails/rack/log_tailer.rb:17:in `call'
  /usr/lib/ruby/vendor_ruby/rack/handler/webrick.rb:59:in `service'
  /usr/lib/ruby/1.9.1/webrick/httpserver.rb:138:in `service'
  /usr/lib/ruby/1.9.1/webrick/httpserver.rb:94:in `run'
  /usr/lib/ruby/1.9.1/webrick/server.rb:191:in `block in start_thread'


  Rendered /var/lib/gems/1.9.1/gems/actionpack-3.2.9/lib/action_dispatch/middleware/templates/rescues/routing_error.erb within rescues/layout (2.4ms)


Started GET "/posts" for 127.0.0.1 at 2013-02-02 03:06:55 -0500

ActionController::RoutingError (No route matches [GET] "/posts"):
  actionpack (3.2.9) lib/action_dispatch/middleware/debug_exceptions.rb:21:in `call'
  actionpack (3.2.9) lib/action_dispatch/middleware/show_exceptions.rb:56:in `call'
  railties (3.2.9) lib/rails/rack/logger.rb:32:in `call_app'
  railties (3.2.9) lib/rails/rack/logger.rb:16:in `block in call'
  activesupport (3.2.9) lib/active_support/tagged_logging.rb:22:in `tagged'
  railties (3.2.9) lib/rails/rack/logger.rb:16:in `call'
  actionpack (3.2.9) lib/action_dispatch/middleware/request_id.rb:22:in `call'
  /usr/lib/ruby/vendor_ruby/rack/methodoverride.rb:21:in `call'
  /usr/lib/ruby/vendor_ruby/rack/runtime.rb:17:in `call'
  activesupport (3.2.9) lib/active_support/cache/strategy/local_cache.rb:72:in `call'
  /usr/lib/ruby/vendor_ruby/rack/lock.rb:15:in `call'
  actionpack (3.2.9) lib/action_dispatch/middleware/static.rb:62:in `call'
  railties (3.2.9) lib/rails/engine.rb:479:in `call'
  railties (3.2.9) lib/rails/application.rb:223:in `call'
  /usr/lib/ruby/vendor_ruby/rack/content_length.rb:14:in `call'
  railties (3.2.9) lib/rails/rack/log_tailer.rb:17:in `call'
  /usr/lib/ruby/vendor_ruby/rack/handler/webrick.rb:59:in `service'
  /usr/lib/ruby/1.9.1/webrick/httpserver.rb:138:in `service'
  /usr/lib/ruby/1.9.1/webrick/httpserver.rb:94:in `run'
  /usr/lib/ruby/1.9.1/webrick/server.rb:191:in `block in start_thread'


  Rendered /var/lib/gems/1.9.1/gems/actionpack-3.2.9/lib/action_dispatch/middleware/templates/rescues/routing_error.erb within rescues/layout (0.5ms)


Started GET "/posts" for 127.0.0.1 at 2013-02-02 03:06:57 -0500

ActionController::RoutingError (No route matches [GET] "/posts"):
  actionpack (3.2.9) lib/action_dispatch/middleware/debug_exceptions.rb:21:in `call'
  actionpack (3.2.9) lib/action_dispatch/middleware/show_exceptions.rb:56:in `call'
  railties (3.2.9) lib/rails/rack/logger.rb:32:in `call_app'
  railties (3.2.9) lib/rails/rack/logger.rb:16:in `block in call'
  activesupport (3.2.9) lib/active_support/tagged_logging.rb:22:in `tagged'
  railties (3.2.9) lib/rails/rack/logger.rb:16:in `call'
  actionpack (3.2.9) lib/action_dispatch/middleware/request_id.rb:22:in `call'
  /usr/lib/ruby/vendor_ruby/rack/methodoverride.rb:21:in `call'
  /usr/lib/ruby/vendor_ruby/rack/runtime.rb:17:in `call'
  activesupport (3.2.9) lib/active_support/cache/strategy/local_cache.rb:72:in `call'
  /usr/lib/ruby/vendor_ruby/rack/lock.rb:15:in `call'
  actionpack (3.2.9) lib/action_dispatch/middleware/static.rb:62:in `call'
  railties (3.2.9) lib/rails/engine.rb:479:in `call'
  railties (3.2.9) lib/rails/application.rb:223:in `call'
  /usr/lib/ruby/vendor_ruby/rack/content_length.rb:14:in `call'
  railties (3.2.9) lib/rails/rack/log_tailer.rb:17:in `call'
  /usr/lib/ruby/vendor_ruby/rack/handler/webrick.rb:59:in `service'
  /usr/lib/ruby/1.9.1/webrick/httpserver.rb:138:in `service'
  /usr/lib/ruby/1.9.1/webrick/httpserver.rb:94:in `run'
  /usr/lib/ruby/1.9.1/webrick/server.rb:191:in `block in start_thread'


  Rendered /var/lib/gems/1.9.1/gems/actionpack-3.2.9/lib/action_dispatch/middleware/templates/rescues/routing_error.erb within rescues/layout (0.6ms)


Started GET "/posts" for 127.0.0.1 at 2013-02-02 03:06:57 -0500

ActionController::RoutingError (No route matches [GET] "/posts"):
  actionpack (3.2.9) lib/action_dispatch/middleware/debug_exceptions.rb:21:in `call'
  actionpack (3.2.9) lib/action_dispatch/middleware/show_exceptions.rb:56:in `call'
  railties (3.2.9) lib/rails/rack/logger.rb:32:in `call_app'
  railties (3.2.9) lib/rails/rack/logger.rb:16:in `block in call'
  activesupport (3.2.9) lib/active_support/tagged_logging.rb:22:in `tagged'
  railties (3.2.9) lib/rails/rack/logger.rb:16:in `call'
  actionpack (3.2.9) lib/action_dispatch/middleware/request_id.rb:22:in `call'
  /usr/lib/ruby/vendor_ruby/rack/methodoverride.rb:21:in `call'
  /usr/lib/ruby/vendor_ruby/rack/runtime.rb:17:in `call'
  activesupport (3.2.9) lib/active_support/cache/strategy/local_cache.rb:72:in `call'
  /usr/lib/ruby/vendor_ruby/rack/lock.rb:15:in `call'
  actionpack (3.2.9) lib/action_dispatch/middleware/static.rb:62:in `call'
  railties (3.2.9) lib/rails/engine.rb:479:in `call'
  railties (3.2.9) lib/rails/application.rb:223:in `call'
  /usr/lib/ruby/vendor_ruby/rack/content_length.rb:14:in `call'
  railties (3.2.9) lib/rails/rack/log_tailer.rb:17:in `call'
  /usr/lib/ruby/vendor_ruby/rack/handler/webrick.rb:59:in `service'
  /usr/lib/ruby/1.9.1/webrick/httpserver.rb:138:in `service'
  /usr/lib/ruby/1.9.1/webrick/httpserver.rb:94:in `run'
  /usr/lib/ruby/1.9.1/webrick/server.rb:191:in `block in start_thread'


  Rendered /var/lib/gems/1.9.1/gems/actionpack-3.2.9/lib/action_dispatch/middleware/templates/rescues/routing_error.erb within rescues/layout (0.5ms)


Started GET "/assets/rails.png" for 127.0.0.1 at 2013-02-02 03:09:59 -0500
Served asset /rails.png - 200 OK (3ms)
Connecting to database specified by database.yml
Connecting to database specified by database.yml


Started GET "/posts" for 127.0.0.1 at 2013-02-02 03:11:28 -0500
Processing by PostsController#index as HTML
  [1m[36mPost Load (0.1ms)[0m  [1mSELECT "posts".* FROM "posts" [0m
  Rendered posts/index.html.erb within layouts/application (0.9ms)
Compiled footnotes.css  (16ms)  (pid 4874)
Compiled posts.css  (1ms)  (pid 4874)
Compiled scaffolds.css  (11ms)  (pid 4874)
Compiled application.css  (66ms)  (pid 4874)
Compiled jquery.js  (1ms)  (pid 4874)
Compiled jquery_ujs.js  (0ms)  (pid 4874)
Compiled footnotes.js  (427ms)  (pid 4874)
Compiled posts.js  (108ms)  (pid 4874)
Compiled application.js  (616ms)  (pid 4874)
Completed 200 OK in 1144ms (Views: 809.2ms | ActiveRecord: 1.5ms)


Started GET "/assets/footnotes.css?body=1" for 127.0.0.1 at 2013-02-02 03:11:30 -0500
Served asset /footnotes.css - 200 OK (1ms)


Started GET "/assets/posts.css?body=1" for 127.0.0.1 at 2013-02-02 03:11:30 -0500
Served asset /posts.css - 200 OK (1ms)


Started GET "/assets/application.js?body=1" for 127.0.0.1 at 2013-02-02 03:11:30 -0500
Served asset /application.js - 304 Not Modified (7ms)


Started GET "/assets/footnotes.js?body=1" for 127.0.0.1 at 2013-02-02 03:11:30 -0500
Served asset /footnotes.js - 200 OK (1ms)


Started GET "/assets/posts.js?body=1" for 127.0.0.1 at 2013-02-02 03:11:30 -0500
Served asset /posts.js - 200 OK (1ms)


Started GET "/assets/jquery.js?body=1" for 127.0.0.1 at 2013-02-02 03:11:30 -0500
Served asset /jquery.js - 304 Not Modified (2ms)


Started GET "/assets/application.css?body=1" for 127.0.0.1 at 2013-02-02 03:11:30 -0500
Served asset /application.css - 304 Not Modified (3ms)


Started GET "/assets/jquery_ujs.js?body=1" for 127.0.0.1 at 2013-02-02 03:11:30 -0500
Served asset /jquery_ujs.js - 304 Not Modified (1ms)


Started GET "/assets/scaffolds.css?body=1" for 127.0.0.1 at 2013-02-02 03:11:30 -0500
Served asset /scaffolds.css - 304 Not Modified (1ms)


Started GET "/footnotes" for 127.0.0.1 at 2013-02-02 03:14:03 -0500
Processing by FootnotesController#index as HTML
  [1m[35mFootnote Load (0.1ms)[0m  SELECT "footnotes".* FROM "footnotes" 
  Rendered footnotes/index.html.erb within layouts/application (0.8ms)
Completed 200 OK in 8ms (Views: 5.8ms | ActiveRecord: 0.4ms)


Started GET "/assets/application.css?body=1" for 127.0.0.1 at 2013-02-02 03:14:03 -0500
Served asset /application.css - 304 Not Modified (0ms)


Started GET "/assets/footnotes.css?body=1" for 127.0.0.1 at 2013-02-02 03:14:03 -0500
Served asset /footnotes.css - 304 Not Modified (0ms)


Started GET "/assets/posts.css?body=1" for 127.0.0.1 at 2013-02-02 03:14:03 -0500
Served asset /posts.css - 304 Not Modified (0ms)


Started GET "/assets/jquery.js?body=1" for 127.0.0.1 at 2013-02-02 03:14:03 -0500
Served asset /jquery.js - 304 Not Modified (1ms)


Started GET "/assets/scaffolds.css?body=1" for 127.0.0.1 at 2013-02-02 03:14:03 -0500
Served asset /scaffolds.css - 304 Not Modified (0ms)


Started GET "/assets/posts.js?body=1" for 127.0.0.1 at 2013-02-02 03:14:03 -0500
Served asset /posts.js - 304 Not Modified (0ms)


Started GET "/assets/jquery_ujs.js?body=1" for 127.0.0.1 at 2013-02-02 03:14:03 -0500
Served asset /jquery_ujs.js - 304 Not Modified (0ms)


Started GET "/assets/footnotes.js?body=1" for 127.0.0.1 at 2013-02-02 03:14:03 -0500
Served asset /footnotes.js - 304 Not Modified (0ms)


Started GET "/assets/application.js?body=1" for 127.0.0.1 at 2013-02-02 03:14:03 -0500
Served asset /application.js - 304 Not Modified (1ms)


Started GET "/posts" for 127.0.0.1 at 2013-02-02 03:14:07 -0500
Processing by PostsController#index as HTML
  [1m[36mPost Load (0.2ms)[0m  [1mSELECT "posts".* FROM "posts" [0m
  Rendered posts/index.html.erb within layouts/application (0.4ms)
Completed 200 OK in 10ms (Views: 9.5ms | ActiveRecord: 0.2ms)


Started GET "/assets/application.css?body=1" for 127.0.0.1 at 2013-02-02 03:14:07 -0500
Served asset /application.css - 304 Not Modified (0ms)


Started GET "/assets/footnotes.css?body=1" for 127.0.0.1 at 2013-02-02 03:14:07 -0500
Served asset /footnotes.css - 304 Not Modified (0ms)


Started GET "/assets/posts.css?body=1" for 127.0.0.1 at 2013-02-02 03:14:07 -0500
Served asset /posts.css - 304 Not Modified (0ms)


Started GET "/assets/scaffolds.css?body=1" for 127.0.0.1 at 2013-02-02 03:14:07 -0500
Served asset /scaffolds.css - 304 Not Modified (0ms)


Started GET "/assets/jquery.js?body=1" for 127.0.0.1 at 2013-02-02 03:14:07 -0500
Served asset /jquery.js - 304 Not Modified (1ms)


Started GET "/assets/jquery_ujs.js?body=1" for 127.0.0.1 at 2013-02-02 03:14:07 -0500
Served asset /jquery_ujs.js - 304 Not Modified (0ms)


Started GET "/assets/footnotes.js?body=1" for 127.0.0.1 at 2013-02-02 03:14:07 -0500
Served asset /footnotes.js - 304 Not Modified (0ms)


Started GET "/assets/posts.js?body=1" for 127.0.0.1 at 2013-02-02 03:14:07 -0500
Served asset /posts.js - 304 Not Modified (0ms)


Started GET "/assets/application.js?body=1" for 127.0.0.1 at 2013-02-02 03:14:07 -0500
Served asset /application.js - 304 Not Modified (1ms)


Started GET "/posts/new" for 127.0.0.1 at 2013-02-02 03:14:09 -0500
Processing by PostsController#new as HTML
  Rendered posts/_form.html.erb (173.8ms)
  Rendered posts/new.html.erb within layouts/application (224.9ms)
Completed 200 OK in 235ms (Views: 229.4ms | ActiveRecord: 0.0ms)


Started GET "/assets/application.css?body=1" for 127.0.0.1 at 2013-02-02 03:14:09 -0500
Served asset /application.css - 304 Not Modified (0ms)


Started GET "/assets/footnotes.css?body=1" for 127.0.0.1 at 2013-02-02 03:14:09 -0500
Served asset /footnotes.css - 304 Not Modified (0ms)


Started GET "/assets/jquery.js?body=1" for 127.0.0.1 at 2013-02-02 03:14:09 -0500
Served asset /jquery.js - 304 Not Modified (3ms)


Started GET "/assets/posts.css?body=1" for 127.0.0.1 at 2013-02-02 03:14:09 -0500
Served asset /posts.css - 304 Not Modified (0ms)


Started GET "/assets/scaffolds.css?body=1" for 127.0.0.1 at 2013-02-02 03:14:09 -0500
Served asset /scaffolds.css - 304 Not Modified (0ms)


Started GET "/assets/jquery_ujs.js?body=1" for 127.0.0.1 at 2013-02-02 03:14:09 -0500
Served asset /jquery_ujs.js - 304 Not Modified (0ms)


Started GET "/assets/footnotes.js?body=1" for 127.0.0.1 at 2013-02-02 03:14:09 -0500
Served asset /footnotes.js - 304 Not Modified (0ms)


Started GET "/assets/posts.js?body=1" for 127.0.0.1 at 2013-02-02 03:14:09 -0500
Served asset /posts.js - 304 Not Modified (0ms)


Started GET "/assets/application.js?body=1" for 127.0.0.1 at 2013-02-02 03:14:09 -0500
Served asset /application.js - 304 Not Modified (1ms)


Started GET "/articles" for 127.0.0.1 at 2013-02-02 03:19:52 -0500

ActionController::RoutingError (No route matches [GET] "/articles"):
  actionpack (3.2.9) lib/action_dispatch/middleware/debug_exceptions.rb:21:in `call'
  actionpack (3.2.9) lib/action_dispatch/middleware/show_exceptions.rb:56:in `call'
  railties (3.2.9) lib/rails/rack/logger.rb:32:in `call_app'
  railties (3.2.9) lib/rails/rack/logger.rb:16:in `block in call'
  activesupport (3.2.9) lib/active_support/tagged_logging.rb:22:in `tagged'
  railties (3.2.9) lib/rails/rack/logger.rb:16:in `call'
  actionpack (3.2.9) lib/action_dispatch/middleware/request_id.rb:22:in `call'
  /usr/lib/ruby/vendor_ruby/rack/methodoverride.rb:21:in `call'
  /usr/lib/ruby/vendor_ruby/rack/runtime.rb:17:in `call'
  activesupport (3.2.9) lib/active_support/cache/strategy/local_cache.rb:72:in `call'
  /usr/lib/ruby/vendor_ruby/rack/lock.rb:15:in `call'
  actionpack (3.2.9) lib/action_dispatch/middleware/static.rb:62:in `call'
  railties (3.2.9) lib/rails/engine.rb:479:in `call'
  railties (3.2.9) lib/rails/application.rb:223:in `call'
  /usr/lib/ruby/vendor_ruby/rack/content_length.rb:14:in `call'
  railties (3.2.9) lib/rails/rack/log_tailer.rb:17:in `call'
  /usr/lib/ruby/vendor_ruby/rack/handler/webrick.rb:59:in `service'
  /usr/lib/ruby/1.9.1/webrick/httpserver.rb:138:in `service'
  /usr/lib/ruby/1.9.1/webrick/httpserver.rb:94:in `run'
  /usr/lib/ruby/1.9.1/webrick/server.rb:191:in `block in start_thread'


  Rendered /var/lib/gems/1.9.1/gems/actionpack-3.2.9/lib/action_dispatch/middleware/templates/rescues/routing_error.erb within rescues/layout (0.6ms)


Started GET "/posts" for 127.0.0.1 at 2013-02-02 03:19:58 -0500
Processing by PostsController#index as HTML
  [1m[35mPost Load (0.2ms)[0m  SELECT "posts".* FROM "posts" 
  Rendered posts/index.html.erb within layouts/application (0.3ms)
Completed 200 OK in 8ms (Views: 7.3ms | ActiveRecord: 0.2ms)


Started GET "/assets/application.css?body=1" for 127.0.0.1 at 2013-02-02 03:19:58 -0500
Served asset /application.css - 304 Not Modified (2ms)


Started GET "/assets/footnotes.css?body=1" for 127.0.0.1 at 2013-02-02 03:19:58 -0500
Served asset /footnotes.css - 304 Not Modified (0ms)


Started GET "/assets/scaffolds.css?body=1" for 127.0.0.1 at 2013-02-02 03:19:58 -0500
Served asset /scaffolds.css - 304 Not Modified (0ms)


Started GET "/assets/jquery.js?body=1" for 127.0.0.1 at 2013-02-02 03:19:58 -0500
Served asset /jquery.js - 304 Not Modified (1ms)


Started GET "/assets/posts.css?body=1" for 127.0.0.1 at 2013-02-02 03:19:58 -0500
Served asset /posts.css - 304 Not Modified (0ms)


Started GET "/assets/jquery_ujs.js?body=1" for 127.0.0.1 at 2013-02-02 03:19:58 -0500
Served asset /jquery_ujs.js - 304 Not Modified (0ms)


Started GET "/assets/posts.js?body=1" for 127.0.0.1 at 2013-02-02 03:19:58 -0500
Served asset /posts.js - 304 Not Modified (0ms)


Started GET "/assets/footnotes.js?body=1" for 127.0.0.1 at 2013-02-02 03:19:58 -0500
Served asset /footnotes.js - 304 Not Modified (0ms)


Started GET "/assets/application.js?body=1" for 127.0.0.1 at 2013-02-02 03:19:58 -0500
Served asset /application.js - 304 Not Modified (1ms)
